<?xml version="1.0" encoding="UTF-8"?>
<!-- Generated by org.testng.reporters.JUnitReportReporter -->
<testsuite hostname="MSI" failures="0" tests="2" name="gty.selum.Errorvalidation" time="29.608" errors="0" timestamp="2024-12-08T13:26:20 IST" skipped="0">
  <testcase classname="gty.selum.Errorvalidation" name="loginEroor" time="2.448"/>
  <testcase classname="gty.selum.Errorvalidation" name="submitOrder" time="27.160"/>
</testsuite> <!-- gty.selum.Errorvalidation -->
