<?xml version="1.0" encoding="UTF-8"?>
<!-- Generated by org.testng.reporters.JUnitReportReporter -->
<testsuite hostname="MSI" failures="0" tests="2" name="gty.selum.StandloonTest" time="34.415" errors="0" timestamp="2024-12-08T13:26:20 IST" skipped="0">
  <testcase classname="gty.selum.StandloonTest" name="submitOrder" time="16.482"/>
  <testcase classname="gty.selum.StandloonTest" name="submitOrder" time="17.933"/>
</testsuite> <!-- gty.selum.StandloonTest -->
