<?xml version="1.0" encoding="UTF-8"?>
<!-- Generated by org.testng.reporters.JUnitReportReporter -->
<testsuite hostname="MSI" failures="0" tests="2" name="gty.selum.Errorvalidation" time="24.234" errors="0" timestamp="2024-12-08T17:49:15 IST" skipped="0">
  <testcase classname="gty.selum.Errorvalidation" name="submitOrder" time="17.346"/>
  <testcase classname="gty.selum.Errorvalidation" name="loginEroor" time="6.888"/>
</testsuite> <!-- gty.selum.Errorvalidation -->
